 
****************************************
Report : timing
        -path full
        -delay max
        -max_paths 1
Design : P4adder
Version: Z-2007.03-SP1
Date   : Thu Jul 21 20:42:29 2016
****************************************

Operating Conditions: typical   Library: NangateOpenCellLibrary
Wire Load Model Mode: top

  Startpoint: A[0] (input port)
  Endpoint: S[24] (output port)
  Path Group: default
  Path Type: max

  Des/Clust/Port     Wire Load Model       Library
  ------------------------------------------------
  P4adder            0K_hvratio_1_4        NangateOpenCellLibrary

  Point                                                   Incr       Path
  --------------------------------------------------------------------------
  input external delay                                    0.00       0.00 f
  A[0] (in)                                               0.00       0.00 f
  Usparce_tree/A[1] (sparce_tree_POWER5)                  0.00       0.00 f
  Usparce_tree/U33/Z (XOR2_X1)                            0.05       0.05 f
  Usparce_tree/blkg_Cin_0/Pik (block_g_0)                 0.00       0.05 f
  Usparce_tree/blkg_Cin_0/U2/ZN (AOI21_X1)                0.03       0.08 r
  Usparce_tree/blkg_Cin_0/U1/ZN (INV_X1)                  0.01       0.09 f
  Usparce_tree/blkg_Cin_0/Gij (block_g_0)                 0.00       0.09 f
  Usparce_tree/blkg_1_1/Gk1j (block_g_9)                  0.00       0.09 f
  Usparce_tree/blkg_1_1/U2/ZN (AOI21_X1)                  0.03       0.12 r
  Usparce_tree/blkg_1_1/U1/ZN (INV_X1)                    0.01       0.13 f
  Usparce_tree/blkg_1_1/Gij (block_g_9)                   0.00       0.13 f
  Usparce_tree/blkg_2_1/Gk1j (block_g_8)                  0.00       0.13 f
  Usparce_tree/blkg_2_1/U2/ZN (AOI21_X1)                  0.03       0.16 r
  Usparce_tree/blkg_2_1/U1/ZN (INV_X1)                    0.02       0.18 f
  Usparce_tree/blkg_2_1/Gij (block_g_8)                   0.00       0.18 f
  Usparce_tree/blkg_3_1/Gk1j (block_g_7)                  0.00       0.18 f
  Usparce_tree/blkg_3_1/U2/ZN (AOI21_X1)                  0.03       0.21 r
  Usparce_tree/blkg_3_1/U1/ZN (INV_X1)                    0.03       0.24 f
  Usparce_tree/blkg_3_1/Gij (block_g_7)                   0.00       0.24 f
  Usparce_tree/blkg_4_1_0/Gk1j (block_g_6)                0.00       0.24 f
  Usparce_tree/blkg_4_1_0/U2/ZN (AOI21_X1)                0.03       0.27 r
  Usparce_tree/blkg_4_1_0/U1/ZN (INV_X1)                  0.03       0.30 f
  Usparce_tree/blkg_4_1_0/Gij (block_g_6)                 0.00       0.30 f
  Usparce_tree/blkg_5_1_2/Gk1j (block_g_2)                0.00       0.30 f
  Usparce_tree/blkg_5_1_2/U2/ZN (AOI21_X1)                0.03       0.33 r
  Usparce_tree/blkg_5_1_2/U1/ZN (INV_X1)                  0.02       0.36 f
  Usparce_tree/blkg_5_1_2/Gij (block_g_2)                 0.00       0.36 f
  Usparce_tree/Cout[6] (sparce_tree_POWER5)               0.00       0.36 f
  USum_generator/Ci[6] (Sum_generator_Nbit32_Nblock8)     0.00       0.36 f
  USum_generator/cs_gen_7/Ci (cs_generic_N4_2)            0.00       0.36 f
  USum_generator/cs_gen_7/U1/SEL (MUX21_GENERIC_N4_2)     0.00       0.36 f
  USum_generator/cs_gen_7/U1/UIV/A (IV_2)                 0.00       0.36 f
  USum_generator/cs_gen_7/U1/UIV/U1/ZN (INV_X1)           0.03       0.38 r
  USum_generator/cs_gen_7/U1/UIV/Y (IV_2)                 0.00       0.38 r
  USum_generator/cs_gen_7/U1/UND2_0/B (ND2_14)            0.00       0.38 r
  USum_generator/cs_gen_7/U1/UND2_0/U1/ZN (NAND2_X1)      0.01       0.40 f
  USum_generator/cs_gen_7/U1/UND2_0/Y (ND2_14)            0.00       0.40 f
  USum_generator/cs_gen_7/U1/UND3_0/B (ND2_13)            0.00       0.40 f
  USum_generator/cs_gen_7/U1/UND3_0/U1/ZN (NAND2_X1)      0.01       0.41 r
  USum_generator/cs_gen_7/U1/UND3_0/Y (ND2_13)            0.00       0.41 r
  USum_generator/cs_gen_7/U1/Y[0] (MUX21_GENERIC_N4_2)
                                                          0.00       0.41 r
  USum_generator/cs_gen_7/S[0] (cs_generic_N4_2)          0.00       0.41 r
  USum_generator/S[24] (Sum_generator_Nbit32_Nblock8)     0.00       0.41 r
  S[24] (out)                                             0.00       0.41 r
  data arrival time                                                  0.41

  max_delay                                               2.50       2.50
  output external delay                                   0.00       2.50
  data required time                                                 2.50
  --------------------------------------------------------------------------
  data required time                                                 2.50
  data arrival time                                                 -0.41
  --------------------------------------------------------------------------
  slack (MET)                                                        2.09


1
