Information: Updating design information... (UID-85)
 
****************************************
Report : timing
        -path full
        -delay max
        -max_paths 1
Design : P4adder
Version: Z-2007.03-SP1
Date   : Mon Mar 21 22:17:20 2016
****************************************

Operating Conditions: typical   Library: NangateOpenCellLibrary
Wire Load Model Mode: top

  Startpoint: A[0] (input port)
  Endpoint: S[31] (output port)
  Path Group: (none)
  Path Type: max

  Des/Clust/Port     Wire Load Model       Library
  ------------------------------------------------
  P4adder            5K_hvratio_1_1        NangateOpenCellLibrary

  Point                                                   Incr       Path
  --------------------------------------------------------------------------
  input external delay                                    0.00       0.00 f
  A[0] (in)                                               0.00       0.00 f
  Usparce_tree/A[1] (sparce_tree_POWER5)                  0.00       0.00 f
  Usparce_tree/U1/Z (XOR2_X1)                             0.08       0.08 f
  Usparce_tree/blkg_Cin_0/Pik (block_g_0)                 0.00       0.08 f
  Usparce_tree/blkg_Cin_0/U2/ZN (AOI21_X1)                0.04       0.12 r
  Usparce_tree/blkg_Cin_0/U1/ZN (INV_X1)                  0.02       0.14 f
  Usparce_tree/blkg_Cin_0/Gij (block_g_0)                 0.00       0.14 f
  Usparce_tree/blkg_1_1/Gk1j (block_g_9)                  0.00       0.14 f
  Usparce_tree/blkg_1_1/U2/ZN (AOI21_X1)                  0.04       0.18 r
  Usparce_tree/blkg_1_1/U1/ZN (INV_X1)                    0.02       0.21 f
  Usparce_tree/blkg_1_1/Gij (block_g_9)                   0.00       0.21 f
  Usparce_tree/blkg_2_1/Gk1j (block_g_8)                  0.00       0.21 f
  Usparce_tree/blkg_2_1/U2/ZN (AOI21_X1)                  0.04       0.25 r
  Usparce_tree/blkg_2_1/U1/ZN (INV_X1)                    0.04       0.29 f
  Usparce_tree/blkg_2_1/Gij (block_g_8)                   0.00       0.29 f
  Usparce_tree/blkg_3_1/Gk1j (block_g_7)                  0.00       0.29 f
  Usparce_tree/blkg_3_1/U2/ZN (AOI21_X1)                  0.05       0.34 r
  Usparce_tree/blkg_3_1/U1/ZN (INV_X1)                    0.04       0.39 f
  Usparce_tree/blkg_3_1/Gij (block_g_7)                   0.00       0.39 f
  Usparce_tree/blkg_4_1_0/Gk1j (block_g_6)                0.00       0.39 f
  Usparce_tree/blkg_4_1_0/U2/ZN (AOI21_X1)                0.06       0.44 r
  Usparce_tree/blkg_4_1_0/U1/ZN (INV_X1)                  0.05       0.49 f
  Usparce_tree/blkg_4_1_0/Gij (block_g_6)                 0.00       0.49 f
  Usparce_tree/blkg_5_1_1/Gk1j (block_g_3)                0.00       0.49 f
  Usparce_tree/blkg_5_1_1/U2/ZN (AOI21_X1)                0.06       0.55 r
  Usparce_tree/blkg_5_1_1/U1/ZN (INV_X1)                  0.04       0.59 f
  Usparce_tree/blkg_5_1_1/Gij (block_g_3)                 0.00       0.59 f
  Usparce_tree/Cout[7] (sparce_tree_POWER5)               0.00       0.59 f
  USum_generator/Ci[7] (Sum_generator_Nbit32_Nblock8)     0.00       0.59 f
  USum_generator/cs_gen_8/Ci (cs_generic_N4_1)            0.00       0.59 f
  USum_generator/cs_gen_8/U1/SEL (MUX21_GENERIC_N4_1)     0.00       0.59 f
  USum_generator/cs_gen_8/U1/UIV/A (IV_1)                 0.00       0.59 f
  USum_generator/cs_gen_8/U1/UIV/U1/ZN (INV_X1)           0.05       0.64 r
  USum_generator/cs_gen_8/U1/UIV/Y (IV_1)                 0.00       0.64 r
  USum_generator/cs_gen_8/U1/UND2_3/B (ND2_11)            0.00       0.64 r
  USum_generator/cs_gen_8/U1/UND2_3/U1/ZN (NAND2_X1)      0.03       0.67 f
  USum_generator/cs_gen_8/U1/UND2_3/Y (ND2_11)            0.00       0.67 f
  USum_generator/cs_gen_8/U1/UND3_3/B (ND2_10)            0.00       0.67 f
  USum_generator/cs_gen_8/U1/UND3_3/U1/ZN (NAND2_X1)      0.02       0.69 r
  USum_generator/cs_gen_8/U1/UND3_3/Y (ND2_10)            0.00       0.69 r
  USum_generator/cs_gen_8/U1/Y[3] (MUX21_GENERIC_N4_1)
                                                          0.00       0.69 r
  USum_generator/cs_gen_8/S[3] (cs_generic_N4_1)          0.00       0.69 r
  USum_generator/S[31] (Sum_generator_Nbit32_Nblock8)     0.00       0.69 r
  S[31] (out)                                             0.00       0.70 r
  data arrival time                                                  0.70
  --------------------------------------------------------------------------
  (Path is unconstrained)


1
